# JRE version: OpenJDK Runtime Environment (17.0.11) (build 17.0.11+0--11852314)
# Java VM: OpenJDK 64-Bit Server VM (17.0.11+0--11852314, mixed mode, tiered, compressed oops, compressed class ptrs, g1 gc, windows-amd64)
GC Precious Log:
 CPUs: 8 total, 8 available
 Memory: 7915M
 Large Page Support: Disabled
 NUMA Support: Disabled
 Compressed Oops: Enabled (32-bit)
 Heap Region Size: 1M
 Heap Min Capacity: 8M
 Heap Initial Capacity: 124M
 Heap Max Capacity: 2G
 Pre-touch: Disabled
 Parallel Workers: 8
 Concurrent Workers: 2
 Concurrent Refinement Workers: 8
 Periodic GC: Disabled
Heap:
 garbage-first heap   total 263168K, used 175656K [0x0000000080000000, 0x0000000100000000)
  region size 1024K, 6 young (6144K), 6 survivors (6144K)
 Metaspace       used 120188K, committed 121216K, reserved 1179648K
  class space    used 16309K, committed 16832K, reserved 1048576K
GC Heap History (20 events):
Event: 16.330 GC heap after
{Heap after GC invocations=43 (full 0):
 garbage-first heap   total 263168K, used 152449K [0x0000000080000000, 0x0000000100000000)
  region size 1024K, 8 young (8192K), 8 survivors (8192K)
 Metaspace       used 112077K, committed 112896K, reserved 1179648K
  class space    used 15343K, committed 15744K, reserved 1048576K
}
Event: 16.584 GC heap before
{Heap before GC invocations=43 (full 0):
 garbage-first heap   total 263168K, used 202625K [0x0000000080000000, 0x0000000100000000)
  region size 1024K, 59 young (60416K), 8 survivors (8192K)
 Metaspace       used 112167K, committed 112960K, reserved 1179648K
  class space    used 15351K, committed 15744K, reserved 1048576K
}
Event: 16.590 GC heap after
{Heap after GC invocations=44 (full 0):
 garbage-first heap   total 263168K, used 154283K [0x0000000080000000, 0x0000000100000000)
  region size 1024K, 5 young (5120K), 5 survivors (5120K)
 Metaspace       used 112167K, committed 112960K, reserved 1179648K
  class space    used 15351K, committed 15744K, reserved 1048576K
}
Event: 16.877 GC heap before
{Heap before GC invocations=45 (full 0):
 garbage-first heap   total 263168K, used 198315K [0x0000000080000000, 0x0000000100000000)
  region size 1024K, 60 young (61440K), 5 survivors (5120K)
 Metaspace       used 112904K, committed 113728K, reserved 1179648K
  class space    used 15447K, committed 15872K, reserved 1048576K
}
Event: 16.882 GC heap after
{Heap after GC invocations=46 (full 0):
 garbage-first heap   total 263168K, used 146971K [0x0000000080000000, 0x0000000100000000)
  region size 1024K, 7 young (7168K), 7 survivors (7168K)
 Metaspace       used 112904K, committed 113728K, reserved 1179648K
  class space    used 15447K, committed 15872K, reserved 1048576K
}
Event: 16.901 GC heap before
{Heap before GC invocations=46 (full 0):
 garbage-first heap   total 263168K, used 152091K [0x0000000080000000, 0x0000000100000000)
  region size 1024K, 12 young (12288K), 7 survivors (7168K)
 Metaspace       used 112947K, committed 113792K, reserved 1179648K
  class space    used 15452K, committed 15872K, reserved 1048576K
}
Event: 16.905 GC heap after
{Heap after GC invocations=47 (full 0):
 garbage-first heap   total 263168K, used 125891K [0x0000000080000000, 0x0000000100000000)
  region size 1024K, 2 young (2048K), 2 survivors (2048K)
 Metaspace       used 112947K, committed 113792K, reserved 1179648K
  class space    used 15452K, committed 15872K, reserved 1048576K
}
Event: 17.243 GC heap before
{Heap before GC invocations=47 (full 0):
 garbage-first heap   total 263168K, used 201667K [0x0000000080000000, 0x0000000100000000)
  region size 1024K, 77 young (78848K), 2 survivors (2048K)
 Metaspace       used 113173K, committed 113984K, reserved 1179648K
  class space    used 15479K, committed 15872K, reserved 1048576K
}
Event: 17.248 GC heap after
{Heap after GC invocations=48 (full 0):
 garbage-first heap   total 263168K, used 128649K [0x0000000080000000, 0x0000000100000000)
  region size 1024K, 5 young (5120K), 5 survivors (5120K)
 Metaspace       used 113173K, committed 113984K, reserved 1179648K
  class space    used 15479K, committed 15872K, reserved 1048576K
}
Event: 19.280 GC heap before
{Heap before GC invocations=49 (full 0):
 garbage-first heap   total 263168K, used 209545K [0x0000000080000000, 0x0000000100000000)
  region size 1024K, 85 young (87040K), 5 survivors (5120K)
 Metaspace       used 113610K, committed 114496K, reserved 1179648K
  class space    used 15523K, committed 15936K, reserved 1048576K
}
Event: 19.284 GC heap after
{Heap after GC invocations=50 (full 0):
 garbage-first heap   total 263168K, used 130192K [0x0000000080000000, 0x0000000100000000)
  region size 1024K, 7 young (7168K), 7 survivors (7168K)
 Metaspace       used 113610K, committed 114496K, reserved 1179648K
  class space    used 15523K, committed 15936K, reserved 1048576K
}
Event: 19.313 GC heap before
{Heap before GC invocations=50 (full 0):
 garbage-first heap   total 263168K, used 135312K [0x0000000080000000, 0x0000000100000000)
  region size 1024K, 12 young (12288K), 7 survivors (7168K)
 Metaspace       used 113631K, committed 114496K, reserved 1179648K
  class space    used 15525K, committed 15936K, reserved 1048576K
}
Event: 19.319 GC heap after
{Heap after GC invocations=51 (full 0):
 garbage-first heap   total 263168K, used 127368K [0x0000000080000000, 0x0000000100000000)
  region size 1024K, 2 young (2048K), 2 survivors (2048K)
 Metaspace       used 113631K, committed 114496K, reserved 1179648K
  class space    used 15525K, committed 15936K, reserved 1048576K
}
Event: 232.970 GC heap before
{Heap before GC invocations=51 (full 0):
 garbage-first heap   total 263168K, used 212360K [0x0000000080000000, 0x0000000100000000)
  region size 1024K, 86 young (88064K), 2 survivors (2048K)
 Metaspace       used 119079K, committed 120064K, reserved 1179648K
  class space    used 16267K, committed 16768K, reserved 1048576K
}
Event: 233.183 GC heap after
{Heap after GC invocations=52 (full 0):
 garbage-first heap   total 263168K, used 131083K [0x0000000080000000, 0x0000000100000000)
  region size 1024K, 6 young (6144K), 6 survivors (6144K)
 Metaspace       used 119079K, committed 120064K, reserved 1179648K
  class space    used 16267K, committed 16768K, reserved 1048576K
}
Event: 345.103 GC heap before
{Heap before GC invocations=52 (full 0):
 garbage-first heap   total 263168K, used 214027K [0x0000000080000000, 0x0000000100000000)
  region size 1024K, 88 young (90112K), 6 survivors (6144K)
 Metaspace       used 119847K, committed 120768K, reserved 1179648K
  class space    used 16306K, committed 16768K, reserved 1048576K
}
Event: 345.164 GC heap after
{Heap after GC invocations=53 (full 0):
 garbage-first heap   total 263168K, used 141266K [0x0000000080000000, 0x0000000100000000)
  region size 1024K, 11 young (11264K), 11 survivors (11264K)
 Metaspace       used 119847K, committed 120768K, reserved 1179648K
  class space    used 16306K, committed 16768K, reserved 1048576K
}
Event: 345.828 GC heap before
{Heap before GC invocations=53 (full 0):
 garbage-first heap   total 263168K, used 217042K [0x0000000080000000, 0x0000000100000000)
  region size 1024K, 66 young (67584K), 11 survivors (11264K)
 Metaspace       used 119964K, committed 120896K, reserved 1179648K
  class space    used 16307K, committed 16768K, reserved 1048576K
}
Event: 345.867 GC heap after
{Heap after GC invocations=54 (full 0):
 garbage-first heap   total 263168K, used 176294K [0x0000000080000000, 0x0000000100000000)
  region size 1024K, 11 young (11264K), 11 survivors (11264K)
 Metaspace       used 119964K, committed 120896K, reserved 1179648K
  class space    used 16307K, committed 16768K, reserved 1048576K
}
Event: 346.314 GC heap before
{Heap before GC invocations=54 (full 0):
 garbage-first heap   total 263168K, used 221350K [0x0000000080000000, 0x0000000100000000)
  region size 1024K, 45 young (46080K), 11 survivors (11264K)
 Metaspace       used 120188K, committed 121216K, reserved 1179648K
  class space    used 16309K, committed 16832K, reserved 1048576K
}

